2019-09-27 20:18:07.849 +0800	INFO	com.unicom.zimugeyjb.controller.LogDemoController	27	http-nio-8888-exec-1	==============info
2019-09-27 20:18:07.852 +0800	WARN	com.unicom.zimugeyjb.controller.LogDemoController	28	http-nio-8888-exec-1	==============warn
2019-09-27 20:18:07.852 +0800	ERROR	com.unicom.zimugeyjb.controller.LogDemoController	29	http-nio-8888-exec-1	==============error
2019-09-27 20:18:08.712 +0800	INFO	com.unicom.zimugeyjb.controller.LogDemoController	27	http-nio-8888-exec-2	==============info
2019-09-27 20:18:08.712 +0800	WARN	com.unicom.zimugeyjb.controller.LogDemoController	28	http-nio-8888-exec-2	==============warn
2019-09-27 20:18:08.712 +0800	ERROR	com.unicom.zimugeyjb.controller.LogDemoController	29	http-nio-8888-exec-2	==============error
2019-09-27 20:18:09.199 +0800	INFO	com.unicom.zimugeyjb.controller.LogDemoController	27	http-nio-8888-exec-5	==============info
2019-09-27 20:18:09.199 +0800	WARN	com.unicom.zimugeyjb.controller.LogDemoController	28	http-nio-8888-exec-5	==============warn
2019-09-27 20:18:09.199 +0800	ERROR	com.unicom.zimugeyjb.controller.LogDemoController	29	http-nio-8888-exec-5	==============error
2019-09-27 20:18:18.530 +0800	INFO	com.unicom.zimugeyjb.controller.LogDemoController	27	http-nio-8888-exec-8	==============info
2019-09-27 20:18:18.530 +0800	WARN	com.unicom.zimugeyjb.controller.LogDemoController	28	http-nio-8888-exec-8	==============warn
2019-09-27 20:18:18.531 +0800	ERROR	com.unicom.zimugeyjb.controller.LogDemoController	29	http-nio-8888-exec-8	==============error
2019-09-27 20:18:19.136 +0800	INFO	com.unicom.zimugeyjb.controller.LogDemoController	27	http-nio-8888-exec-10	==============info
2019-09-27 20:18:19.136 +0800	WARN	com.unicom.zimugeyjb.controller.LogDemoController	28	http-nio-8888-exec-10	==============warn
2019-09-27 20:18:19.136 +0800	ERROR	com.unicom.zimugeyjb.controller.LogDemoController	29	http-nio-8888-exec-10	==============error
2019-09-27 20:18:19.641 +0800	INFO	com.unicom.zimugeyjb.controller.LogDemoController	27	http-nio-8888-exec-3	==============info
2019-09-27 20:18:19.642 +0800	WARN	com.unicom.zimugeyjb.controller.LogDemoController	28	http-nio-8888-exec-3	==============warn
2019-09-27 20:18:19.642 +0800	ERROR	com.unicom.zimugeyjb.controller.LogDemoController	29	http-nio-8888-exec-3	==============error
2019-09-27 20:18:19.976 +0800	INFO	com.unicom.zimugeyjb.controller.LogDemoController	27	http-nio-8888-exec-4	==============info
2019-09-27 20:18:19.977 +0800	WARN	com.unicom.zimugeyjb.controller.LogDemoController	28	http-nio-8888-exec-4	==============warn
2019-09-27 20:18:19.977 +0800	ERROR	com.unicom.zimugeyjb.controller.LogDemoController	29	http-nio-8888-exec-4	==============error
2019-09-27 20:18:20.316 +0800	INFO	com.unicom.zimugeyjb.controller.LogDemoController	27	http-nio-8888-exec-6	==============info
2019-09-27 20:18:20.316 +0800	WARN	com.unicom.zimugeyjb.controller.LogDemoController	28	http-nio-8888-exec-6	==============warn
2019-09-27 20:18:20.316 +0800	ERROR	com.unicom.zimugeyjb.controller.LogDemoController	29	http-nio-8888-exec-6	==============error
2019-09-27 20:18:26.297 +0800	INFO	com.unicom.zimugeyjb.controller.LogDemoController	27	http-nio-8888-exec-8	==============info
2019-09-27 20:18:26.297 +0800	WARN	com.unicom.zimugeyjb.controller.LogDemoController	28	http-nio-8888-exec-8	==============warn
2019-09-27 20:18:26.297 +0800	ERROR	com.unicom.zimugeyjb.controller.LogDemoController	29	http-nio-8888-exec-8	==============error
2019-09-27 20:18:26.703 +0800	INFO	com.unicom.zimugeyjb.controller.LogDemoController	27	http-nio-8888-exec-10	==============info
2019-09-27 20:18:26.703 +0800	WARN	com.unicom.zimugeyjb.controller.LogDemoController	28	http-nio-8888-exec-10	==============warn
2019-09-27 20:18:26.703 +0800	ERROR	com.unicom.zimugeyjb.controller.LogDemoController	29	http-nio-8888-exec-10	==============error
2019-09-27 20:18:26.943 +0800	INFO	com.unicom.zimugeyjb.controller.LogDemoController	27	http-nio-8888-exec-3	==============info
2019-09-27 20:18:26.943 +0800	WARN	com.unicom.zimugeyjb.controller.LogDemoController	28	http-nio-8888-exec-3	==============warn
2019-09-27 20:18:26.943 +0800	ERROR	com.unicom.zimugeyjb.controller.LogDemoController	29	http-nio-8888-exec-3	==============error
2019-09-27 20:18:27.151 +0800	INFO	com.unicom.zimugeyjb.controller.LogDemoController	27	http-nio-8888-exec-4	==============info
2019-09-27 20:18:27.151 +0800	WARN	com.unicom.zimugeyjb.controller.LogDemoController	28	http-nio-8888-exec-4	==============warn
2019-09-27 20:18:27.151 +0800	ERROR	com.unicom.zimugeyjb.controller.LogDemoController	29	http-nio-8888-exec-4	==============error
2019-09-27 20:18:35.996 +0800	INFO	com.unicom.zimugeyjb.controller.LogDemoController	27	http-nio-8888-exec-7	==============info
2019-09-27 20:18:35.996 +0800	WARN	com.unicom.zimugeyjb.controller.LogDemoController	28	http-nio-8888-exec-7	==============warn
2019-09-27 20:18:35.997 +0800	ERROR	com.unicom.zimugeyjb.controller.LogDemoController	29	http-nio-8888-exec-7	==============error
2019-09-27 20:18:36.406 +0800	INFO	com.unicom.zimugeyjb.controller.LogDemoController	27	http-nio-8888-exec-9	==============info
2019-09-27 20:18:36.406 +0800	WARN	com.unicom.zimugeyjb.controller.LogDemoController	28	http-nio-8888-exec-9	==============warn
2019-09-27 20:18:36.406 +0800	ERROR	com.unicom.zimugeyjb.controller.LogDemoController	29	http-nio-8888-exec-9	==============error
2019-09-27 20:18:36.614 +0800	INFO	com.unicom.zimugeyjb.controller.LogDemoController	27	http-nio-8888-exec-1	==============info
2019-09-27 20:18:36.614 +0800	WARN	com.unicom.zimugeyjb.controller.LogDemoController	28	http-nio-8888-exec-1	==============warn
2019-09-27 20:18:36.614 +0800	ERROR	com.unicom.zimugeyjb.controller.LogDemoController	29	http-nio-8888-exec-1	==============error
2019-09-27 20:18:36.831 +0800	INFO	com.unicom.zimugeyjb.controller.LogDemoController	27	http-nio-8888-exec-2	==============info
2019-09-27 20:18:36.831 +0800	WARN	com.unicom.zimugeyjb.controller.LogDemoController	28	http-nio-8888-exec-2	==============warn
2019-09-27 20:18:36.832 +0800	ERROR	com.unicom.zimugeyjb.controller.LogDemoController	29	http-nio-8888-exec-2	==============error
2019-09-27 20:18:37.042 +0800	INFO	com.unicom.zimugeyjb.controller.LogDemoController	27	http-nio-8888-exec-5	==============info
2019-09-27 20:18:37.043 +0800	WARN	com.unicom.zimugeyjb.controller.LogDemoController	28	http-nio-8888-exec-5	==============warn
2019-09-27 20:18:37.043 +0800	ERROR	com.unicom.zimugeyjb.controller.LogDemoController	29	http-nio-8888-exec-5	==============error
2019-09-27 20:18:37.414 +0800	INFO	com.unicom.zimugeyjb.controller.LogDemoController	27	http-nio-8888-exec-7	==============info
2019-09-27 20:18:37.414 +0800	WARN	com.unicom.zimugeyjb.controller.LogDemoController	28	http-nio-8888-exec-7	==============warn
2019-09-27 20:18:37.414 +0800	ERROR	com.unicom.zimugeyjb.controller.LogDemoController	29	http-nio-8888-exec-7	==============error
2019-09-27 20:18:37.624 +0800	INFO	com.unicom.zimugeyjb.controller.LogDemoController	27	http-nio-8888-exec-9	==============info
2019-09-27 20:18:37.624 +0800	WARN	com.unicom.zimugeyjb.controller.LogDemoController	28	http-nio-8888-exec-9	==============warn
2019-09-27 20:18:37.624 +0800	ERROR	com.unicom.zimugeyjb.controller.LogDemoController	29	http-nio-8888-exec-9	==============error
2019-09-27 20:18:38.015 +0800	INFO	com.unicom.zimugeyjb.controller.LogDemoController	27	http-nio-8888-exec-1	==============info
2019-09-27 20:18:38.015 +0800	WARN	com.unicom.zimugeyjb.controller.LogDemoController	28	http-nio-8888-exec-1	==============warn
2019-09-27 20:18:38.016 +0800	ERROR	com.unicom.zimugeyjb.controller.LogDemoController	29	http-nio-8888-exec-1	==============error
2019-09-27 20:18:38.464 +0800	INFO	com.unicom.zimugeyjb.controller.LogDemoController	27	http-nio-8888-exec-2	==============info
2019-09-27 20:18:38.464 +0800	WARN	com.unicom.zimugeyjb.controller.LogDemoController	28	http-nio-8888-exec-2	==============warn
2019-09-27 20:18:38.464 +0800	ERROR	com.unicom.zimugeyjb.controller.LogDemoController	29	http-nio-8888-exec-2	==============error
2019-09-27 20:18:38.954 +0800	INFO	com.unicom.zimugeyjb.controller.LogDemoController	27	http-nio-8888-exec-5	==============info
2019-09-27 20:18:38.955 +0800	WARN	com.unicom.zimugeyjb.controller.LogDemoController	28	http-nio-8888-exec-5	==============warn
2019-09-27 20:18:38.955 +0800	ERROR	com.unicom.zimugeyjb.controller.LogDemoController	29	http-nio-8888-exec-5	==============error
2019-09-27 20:18:39.614 +0800	INFO	com.unicom.zimugeyjb.controller.LogDemoController	27	http-nio-8888-exec-7	==============info
2019-09-27 20:18:39.614 +0800	WARN	com.unicom.zimugeyjb.controller.LogDemoController	28	http-nio-8888-exec-7	==============warn
2019-09-27 20:18:39.614 +0800	ERROR	com.unicom.zimugeyjb.controller.LogDemoController	29	http-nio-8888-exec-7	==============error
2019-09-27 20:18:40.239 +0800	INFO	com.unicom.zimugeyjb.controller.LogDemoController	27	http-nio-8888-exec-9	==============info
2019-09-27 20:18:40.239 +0800	WARN	com.unicom.zimugeyjb.controller.LogDemoController	28	http-nio-8888-exec-9	==============warn
2019-09-27 20:18:40.239 +0800	ERROR	com.unicom.zimugeyjb.controller.LogDemoController	29	http-nio-8888-exec-9	==============error
2019-09-27 20:18:40.904 +0800	INFO	com.unicom.zimugeyjb.controller.LogDemoController	27	http-nio-8888-exec-1	==============info
2019-09-27 20:18:40.904 +0800	WARN	com.unicom.zimugeyjb.controller.LogDemoController	28	http-nio-8888-exec-1	==============warn
2019-09-27 20:18:40.905 +0800	ERROR	com.unicom.zimugeyjb.controller.LogDemoController	29	http-nio-8888-exec-1	==============error
2019-09-27 20:18:42.847 +0800	INFO	com.unicom.zimugeyjb.controller.LogDemoController	27	http-nio-8888-exec-2	==============info
2019-09-27 20:18:42.847 +0800	WARN	com.unicom.zimugeyjb.controller.LogDemoController	28	http-nio-8888-exec-2	==============warn
2019-09-27 20:18:42.847 +0800	ERROR	com.unicom.zimugeyjb.controller.LogDemoController	29	http-nio-8888-exec-2	==============error
2019-09-27 20:18:43.320 +0800	INFO	com.unicom.zimugeyjb.controller.LogDemoController	27	http-nio-8888-exec-5	==============info
2019-09-27 20:18:43.320 +0800	WARN	com.unicom.zimugeyjb.controller.LogDemoController	28	http-nio-8888-exec-5	==============warn
2019-09-27 20:18:43.320 +0800	ERROR	com.unicom.zimugeyjb.controller.LogDemoController	29	http-nio-8888-exec-5	==============error
2019-09-27 20:18:43.581 +0800	INFO	com.unicom.zimugeyjb.controller.LogDemoController	27	http-nio-8888-exec-7	==============info
2019-09-27 20:18:43.582 +0800	WARN	com.unicom.zimugeyjb.controller.LogDemoController	28	http-nio-8888-exec-7	==============warn
2019-09-27 20:18:43.582 +0800	ERROR	com.unicom.zimugeyjb.controller.LogDemoController	29	http-nio-8888-exec-7	==============error
2019-09-27 20:18:44.094 +0800	INFO	com.unicom.zimugeyjb.controller.LogDemoController	27	http-nio-8888-exec-9	==============info
2019-09-27 20:18:44.095 +0800	WARN	com.unicom.zimugeyjb.controller.LogDemoController	28	http-nio-8888-exec-9	==============warn
2019-09-27 20:18:44.095 +0800	ERROR	com.unicom.zimugeyjb.controller.LogDemoController	29	http-nio-8888-exec-9	==============error
2019-09-27 20:18:45.059 +0800	INFO	com.unicom.zimugeyjb.controller.LogDemoController	27	http-nio-8888-exec-1	==============info
2019-09-27 20:18:45.059 +0800	WARN	com.unicom.zimugeyjb.controller.LogDemoController	28	http-nio-8888-exec-1	==============warn
2019-09-27 20:18:45.059 +0800	ERROR	com.unicom.zimugeyjb.controller.LogDemoController	29	http-nio-8888-exec-1	==============error
2019-09-27 20:18:45.543 +0800	INFO	com.unicom.zimugeyjb.controller.LogDemoController	27	http-nio-8888-exec-2	==============info
2019-09-27 20:18:45.543 +0800	WARN	com.unicom.zimugeyjb.controller.LogDemoController	28	http-nio-8888-exec-2	==============warn
2019-09-27 20:18:45.544 +0800	ERROR	com.unicom.zimugeyjb.controller.LogDemoController	29	http-nio-8888-exec-2	==============error
2019-09-27 20:18:46.158 +0800	INFO	com.unicom.zimugeyjb.controller.LogDemoController	27	http-nio-8888-exec-6	==============info
2019-09-27 20:18:46.158 +0800	WARN	com.unicom.zimugeyjb.controller.LogDemoController	28	http-nio-8888-exec-6	==============warn
2019-09-27 20:18:46.158 +0800	ERROR	com.unicom.zimugeyjb.controller.LogDemoController	29	http-nio-8888-exec-6	==============error
2019-09-27 20:18:47.123 +0800	INFO	com.unicom.zimugeyjb.controller.LogDemoController	27	http-nio-8888-exec-8	==============info
2019-09-27 20:18:47.123 +0800	WARN	com.unicom.zimugeyjb.controller.LogDemoController	28	http-nio-8888-exec-8	==============warn
2019-09-27 20:18:47.123 +0800	ERROR	com.unicom.zimugeyjb.controller.LogDemoController	29	http-nio-8888-exec-8	==============error
2019-09-27 20:18:47.334 +0800	INFO	com.unicom.zimugeyjb.controller.LogDemoController	27	http-nio-8888-exec-10	==============info
2019-09-27 20:18:47.334 +0800	WARN	com.unicom.zimugeyjb.controller.LogDemoController	28	http-nio-8888-exec-10	==============warn
2019-09-27 20:18:47.334 +0800	ERROR	com.unicom.zimugeyjb.controller.LogDemoController	29	http-nio-8888-exec-10	==============error
2019-09-26 20:19:40.184 +0800	INFO	org.springframework.context.support.AbstractApplicationContext	993	Thread-17	Closing org.springframework.boot.web.servlet.context.AnnotationConfigServletWebServerApplicationContext@27847956: startup date [Thu Sep 26 20:14:54 CST 2019]; root of context hierarchy
2019-09-26 20:19:40.186 +0800	INFO	org.springframework.context.support.DefaultLifecycleProcessor$LifecycleGroup	366	Thread-17	Stopping beans in phase 2147483647
2019-09-26 20:19:40.189 +0800	INFO	org.springframework.jmx.export.MBeanExporter	451	Thread-17	Unregistering JMX-exposed beans on shutdown
2019-09-26 20:19:40.190 +0800	INFO	org.springframework.jmx.support.MBeanRegistrationSupport	185	Thread-17	Unregistering JMX-exposed beans
