2019-09-27 14:31:49.089 +0800	INFO	org.springframework.boot.StartupInfoLogger	50	restartedMain	Starting ZimugeyjbApplication on PC-201908221240 with PID 10968 (C:\workspace\idea\000000000zimuge\zimugeyjb001\target\classes started by Administrator in C:\workspace\idea\000000000zimuge\zimugeyjb001)
2019-09-27 14:31:49.120 +0800	INFO	org.springframework.boot.SpringApplication	666	restartedMain	The following profiles are active: dev
2019-09-27 14:31:49.211 +0800	INFO	org.springframework.context.support.AbstractApplicationContext	590	restartedMain	Refreshing org.springframework.boot.web.servlet.context.AnnotationConfigServletWebServerApplicationContext@2aa1e633: startup date [Fri Sep 27 14:31:49 CST 2019]; root of context hierarchy
2019-09-27 14:31:51.052 +0800	INFO	org.springframework.context.support.PostProcessorRegistrationDelegate$BeanPostProcessorChecker	326	restartedMain	Bean 'org.springframework.transaction.annotation.ProxyTransactionManagementConfiguration' of type [org.springframework.transaction.annotation.ProxyTransactionManagementConfiguration$$EnhancerBySpringCGLIB$$c13f3d72] is not eligible for getting processed by all BeanPostProcessors (for example: not eligible for auto-proxying)
2019-09-27 14:31:52.172 +0800	INFO	org.springframework.boot.web.embedded.tomcat.TomcatWebServer	91	restartedMain	Tomcat initialized with port(s): 8888 (http)
2019-09-27 14:31:52.186 +0800	INFO	org.apache.juli.logging.DirectJDKLog	180	restartedMain	Initializing ProtocolHandler ["http-nio-8888"]
2019-09-27 14:31:52.195 +0800	INFO	org.apache.juli.logging.DirectJDKLog	180	restartedMain	Starting service [Tomcat]
2019-09-27 14:31:52.196 +0800	INFO	org.apache.juli.logging.DirectJDKLog	180	restartedMain	Starting Servlet Engine: Apache Tomcat/8.5.32
2019-09-27 14:31:52.200 +0800	INFO	org.apache.juli.logging.DirectJDKLog	180	localhost-startStop-1	The APR based Apache Tomcat Native library which allows optimal performance in production environments was not found on the java.library.path: [D:\Program Files\Java\jdk1.8.0_161\bin;C:\Windows\Sun\Java\bin;C:\Windows\system32;C:\Windows;C:\ProgramData\Oracle\Java\javapath;C:\Windows\system32;C:\Windows;C:\Windows\System32\Wbem;C:\Windows\System32\WindowsPowerShell\v1.0\;C:\Windows\System32\OpenSSH\;"D:\Program Files\Java\jdk1.8.0_161\bin;D:\Program Files\Java\jdk1.8.0_161\jre\bin";D:\Program Files\Git\cmd;D:\Program Files\mysql-8.0.17-winx64\mysql-8.0.17-winx64\bin;C:\Program Files (x86)\Google\Chrome\Application\chrome.exe;D:\MongoDB\bin;C:\Users\Administrator\AppData\Local\Microsoft\WindowsApps;C:\Program Files (x86)\Google\Chrome\Application\chrome.exe;;.]
2019-09-27 14:31:52.285 +0800	INFO	org.apache.juli.logging.DirectJDKLog	180	localhost-startStop-1	Initializing Spring embedded WebApplicationContext
2019-09-27 14:31:52.286 +0800	INFO	org.springframework.boot.web.servlet.context.ServletWebServerApplicationContext	285	localhost-startStop-1	Root WebApplicationContext: initialization completed in 3076 ms
2019-09-27 14:31:52.380 +0800	INFO	org.springframework.boot.web.servlet.ServletRegistrationBean	187	localhost-startStop-1	Servlet dispatcherServlet mapped to [/]
2019-09-27 14:31:52.384 +0800	INFO	org.springframework.boot.web.servlet.AbstractFilterRegistrationBean	245	localhost-startStop-1	Mapping filter: 'characterEncodingFilter' to: [/*]
2019-09-27 14:31:52.384 +0800	INFO	org.springframework.boot.web.servlet.AbstractFilterRegistrationBean	245	localhost-startStop-1	Mapping filter: 'hiddenHttpMethodFilter' to: [/*]
2019-09-27 14:31:52.384 +0800	INFO	org.springframework.boot.web.servlet.AbstractFilterRegistrationBean	245	localhost-startStop-1	Mapping filter: 'httpPutFormContentFilter' to: [/*]
2019-09-27 14:31:52.384 +0800	INFO	org.springframework.boot.web.servlet.AbstractFilterRegistrationBean	245	localhost-startStop-1	Mapping filter: 'requestContextFilter' to: [/*]
2019-09-27 14:31:52.384 +0800	INFO	org.springframework.boot.web.servlet.AbstractFilterRegistrationBean	245	localhost-startStop-1	Mapping filter: 'resourceUrlEncodingFilter' to: [/*]
2019-09-27 14:31:52.470 +0800	INFO	org.dozer.config.GlobalSettings	113	restartedMain	Trying to find Dozer configuration file: dozer.properties
2019-09-27 14:31:52.475 +0800	WARN	org.dozer.config.GlobalSettings	118	restartedMain	Dozer configuration file not found: dozer.properties.  Using defaults for all Dozer global properties.
2019-09-27 14:31:52.477 +0800	INFO	org.dozer.DozerInitializer	70	restartedMain	Initializing Dozer. Version: 5.4.0, Thread Name: restartedMain
2019-09-27 14:31:52.480 +0800	INFO	org.dozer.jmx.JMXPlatformImpl	66	restartedMain	Dozer JMX MBean [org.dozer.jmx:type=DozerStatisticsController] auto registered with the Platform MBean Server
2019-09-27 14:31:52.481 +0800	INFO	org.dozer.jmx.JMXPlatformImpl	66	restartedMain	Dozer JMX MBean [org.dozer.jmx:type=DozerAdminController] auto registered with the Platform MBean Server
2019-09-27 14:31:52.485 +0800	INFO	org.dozer.DozerBeanMapper	175	restartedMain	Initializing a new instance of dozer bean mapper.
2019-09-27 14:31:53.300 +0800	INFO	org.springframework.web.servlet.handler.AbstractHandlerMethodMapping$MappingRegistry	547	restartedMain	Mapped "{[/rest/article],methods=[POST]}" onto public com.unicom.zimugeyjb.model.AjaxResponse com.unicom.zimugeyjb.controller.ArticleRestController.saveArticle(com.unicom.zimugeyjb.model.ArticleVo)
2019-09-27 14:31:53.301 +0800	INFO	org.springframework.web.servlet.handler.AbstractHandlerMethodMapping$MappingRegistry	547	restartedMain	Mapped "{[/rest/article/{id}],methods=[DELETE]}" onto public com.unicom.zimugeyjb.model.AjaxResponse com.unicom.zimugeyjb.controller.ArticleRestController.deleteArticle(java.lang.Long)
2019-09-27 14:31:53.301 +0800	INFO	org.springframework.web.servlet.handler.AbstractHandlerMethodMapping$MappingRegistry	547	restartedMain	Mapped "{[/rest/article/{id}],methods=[PUT]}" onto public com.unicom.zimugeyjb.model.AjaxResponse com.unicom.zimugeyjb.controller.ArticleRestController.updateArticle(java.lang.Long,com.unicom.zimugeyjb.model.ArticleVo)
2019-09-27 14:31:53.301 +0800	INFO	org.springframework.web.servlet.handler.AbstractHandlerMethodMapping$MappingRegistry	547	restartedMain	Mapped "{[/rest/article],methods=[GET]}" onto public com.unicom.zimugeyjb.model.AjaxResponse com.unicom.zimugeyjb.controller.ArticleRestController.getArticle()
2019-09-27 14:31:53.302 +0800	INFO	org.springframework.web.servlet.handler.AbstractHandlerMethodMapping$MappingRegistry	547	restartedMain	Mapped "{[/rest/article/{id}],methods=[GET]}" onto public com.unicom.zimugeyjb.model.AjaxResponse com.unicom.zimugeyjb.controller.ArticleRestController.getArticle(java.lang.Long)
2019-09-27 14:31:53.302 +0800	INFO	org.springframework.web.servlet.handler.AbstractHandlerMethodMapping$MappingRegistry	547	restartedMain	Mapped "{[/ex/system]}" onto public com.unicom.zimugeyjb.model.AjaxResponse com.unicom.zimugeyjb.controller.HelloController.system()
2019-09-27 14:31:53.303 +0800	INFO	org.springframework.web.servlet.handler.AbstractHandlerMethodMapping$MappingRegistry	547	restartedMain	Mapped "{[/ex/user]}" onto public com.unicom.zimugeyjb.model.AjaxResponse com.unicom.zimugeyjb.controller.HelloController.user(java.lang.Integer)
2019-09-27 14:31:53.303 +0800	INFO	org.springframework.web.servlet.handler.AbstractHandlerMethodMapping$MappingRegistry	547	restartedMain	Mapped "{[/hello]}" onto public java.lang.String com.unicom.zimugeyjb.controller.HelloController.hello()
2019-09-27 14:31:53.303 +0800	INFO	org.springframework.web.servlet.handler.AbstractHandlerMethodMapping$MappingRegistry	547	restartedMain	Mapped "{[/hello2]}" onto public java.lang.String com.unicom.zimugeyjb.controller.HelloController.hello2()
2019-09-27 14:31:53.304 +0800	INFO	org.springframework.web.servlet.handler.AbstractHandlerMethodMapping$MappingRegistry	547	restartedMain	Mapped "{[/hello3]}" onto public java.lang.String com.unicom.zimugeyjb.controller.HelloController.hello3()
2019-09-27 14:31:53.304 +0800	INFO	org.springframework.web.servlet.handler.AbstractHandlerMethodMapping$MappingRegistry	547	restartedMain	Mapped "{[/logdemo],methods=[GET]}" onto public java.lang.String com.unicom.zimugeyjb.controller.LogDemoController.log()
2019-09-27 14:31:53.304 +0800	INFO	org.springframework.web.servlet.handler.AbstractHandlerMethodMapping$MappingRegistry	547	restartedMain	Mapped "{[/template/freemarker],methods=[GET]}" onto public org.springframework.web.servlet.ModelAndView com.unicom.zimugeyjb.controller.TemplateController.index(org.springframework.ui.Model)
2019-09-27 14:31:53.305 +0800	INFO	org.springframework.web.servlet.handler.AbstractHandlerMethodMapping$MappingRegistry	547	restartedMain	Mapped "{[/v2/api-docs],methods=[GET],produces=[application/json || application/hal+json]}" onto public org.springframework.http.ResponseEntity<springfox.documentation.spring.web.json.Json> springfox.documentation.swagger2.web.Swagger2Controller.getDocumentation(java.lang.String,javax.servlet.http.HttpServletRequest)
2019-09-27 14:31:53.308 +0800	INFO	org.springframework.web.servlet.handler.AbstractHandlerMethodMapping$MappingRegistry	547	restartedMain	Mapped "{[/swagger-resources/configuration/ui]}" onto org.springframework.http.ResponseEntity<springfox.documentation.swagger.web.UiConfiguration> springfox.documentation.swagger.web.ApiResourceController.uiConfiguration()
2019-09-27 14:31:53.308 +0800	INFO	org.springframework.web.servlet.handler.AbstractHandlerMethodMapping$MappingRegistry	547	restartedMain	Mapped "{[/swagger-resources]}" onto org.springframework.http.ResponseEntity<java.util.List<springfox.documentation.swagger.web.SwaggerResource>> springfox.documentation.swagger.web.ApiResourceController.swaggerResources()
2019-09-27 14:31:53.309 +0800	INFO	org.springframework.web.servlet.handler.AbstractHandlerMethodMapping$MappingRegistry	547	restartedMain	Mapped "{[/swagger-resources/configuration/security]}" onto org.springframework.http.ResponseEntity<springfox.documentation.swagger.web.SecurityConfiguration> springfox.documentation.swagger.web.ApiResourceController.securityConfiguration()
2019-09-27 14:31:53.311 +0800	INFO	org.springframework.web.servlet.handler.AbstractHandlerMethodMapping$MappingRegistry	547	restartedMain	Mapped "{[/error]}" onto public org.springframework.http.ResponseEntity<java.util.Map<java.lang.String, java.lang.Object>> org.springframework.boot.autoconfigure.web.servlet.error.BasicErrorController.error(javax.servlet.http.HttpServletRequest)
2019-09-27 14:31:53.312 +0800	INFO	org.springframework.web.servlet.handler.AbstractHandlerMethodMapping$MappingRegistry	547	restartedMain	Mapped "{[/error],produces=[text/html]}" onto public org.springframework.web.servlet.ModelAndView org.springframework.boot.autoconfigure.web.servlet.error.BasicErrorController.errorHtml(javax.servlet.http.HttpServletRequest,javax.servlet.http.HttpServletResponse)
2019-09-27 14:31:53.493 +0800	INFO	org.springframework.web.servlet.handler.AbstractUrlHandlerMapping	373	restartedMain	Mapped URL path [/**/favicon.ico] onto handler of type [class org.springframework.web.servlet.resource.ResourceHttpRequestHandler]
2019-09-27 14:31:53.669 +0800	INFO	org.springframework.web.servlet.mvc.method.annotation.RequestMappingHandlerAdapter	574	restartedMain	Looking for @ControllerAdvice: org.springframework.boot.web.servlet.context.AnnotationConfigServletWebServerApplicationContext@2aa1e633: startup date [Fri Sep 27 14:31:49 CST 2019]; root of context hierarchy
2019-09-27 14:31:53.724 +0800	INFO	org.springframework.web.servlet.handler.AbstractUrlHandlerMapping	373	restartedMain	Mapped URL path [/webjars/**] onto handler of type [class org.springframework.web.servlet.resource.ResourceHttpRequestHandler]
2019-09-27 14:31:53.725 +0800	INFO	org.springframework.web.servlet.handler.AbstractUrlHandlerMapping	373	restartedMain	Mapped URL path [/**] onto handler of type [class org.springframework.web.servlet.resource.ResourceHttpRequestHandler]
2019-09-27 14:31:53.740 +0800	INFO	org.springframework.web.servlet.mvc.method.annotation.ExceptionHandlerExceptionResolver	288	restartedMain	Detected @ExceptionHandler methods in webExceptionHandler
2019-09-27 14:31:53.785 +0800	INFO	org.springframework.boot.autoconfigure.web.servlet.WelcomePageHandlerMapping	56	restartedMain	Adding welcome page: class path resource [public/index.html]
2019-09-27 14:31:53.958 +0800	INFO	org.springframework.web.servlet.view.freemarker.FreeMarkerConfigurer	131	restartedMain	ClassTemplateLoader for Spring macros added to FreeMarker configuration
2019-09-27 14:31:54.209 +0800	INFO	org.springframework.boot.devtools.autoconfigure.OptionalLiveReloadServer	57	restartedMain	LiveReload server is running on port 35729
2019-09-27 14:31:54.237 +0800	INFO	org.springframework.jmx.export.MBeanExporter	433	restartedMain	Registering beans for JMX exposure on startup
2019-09-27 14:31:54.238 +0800	INFO	org.springframework.jmx.export.MBeanExporter	895	restartedMain	Bean with name 'dataSource' has been autodetected for JMX exposure
2019-09-27 14:31:54.244 +0800	INFO	org.springframework.jmx.export.MBeanExporter	668	restartedMain	Located MBean 'dataSource': registering with JMX server as MBean [com.zaxxer.hikari:name=dataSource,type=HikariDataSource]
2019-09-27 14:31:54.248 +0800	INFO	org.springframework.context.support.DefaultLifecycleProcessor$LifecycleGroup	351	restartedMain	Starting beans in phase 2147483647
2019-09-27 14:31:54.248 +0800	INFO	springfox.documentation.spring.web.plugins.DocumentationPluginsBootstrapper	120	restartedMain	Context refreshed
2019-09-27 14:31:54.263 +0800	INFO	springfox.documentation.spring.web.plugins.DocumentationPluginsBootstrapper	123	restartedMain	Found 1 custom documentation plugin(s)
2019-09-27 14:31:54.274 +0800	INFO	springfox.documentation.spring.web.scanners.ApiListingReferenceScanner	41	restartedMain	Scanning for api listing references
2019-09-27 14:31:54.392 +0800	INFO	springfox.documentation.spring.web.readers.operation.CachingOperationNameGenerator	40	restartedMain	Generating unique operation named: getArticleUsingGET_1
2019-09-27 14:31:54.437 +0800	INFO	org.apache.juli.logging.DirectJDKLog	180	restartedMain	Starting ProtocolHandler ["http-nio-8888"]
2019-09-27 14:31:54.446 +0800	INFO	org.apache.juli.logging.DirectJDKLog	180	restartedMain	Using a shared selector for servlet write/read
2019-09-27 14:31:54.460 +0800	INFO	org.springframework.boot.web.embedded.tomcat.TomcatWebServer	206	restartedMain	Tomcat started on port(s): 8888 (http) with context path ''
2019-09-27 14:31:54.465 +0800	INFO	org.springframework.boot.StartupInfoLogger	59	restartedMain	Started ZimugeyjbApplication in 5.827 seconds (JVM running for 7.86)
2019-09-27 14:31:55.901 +0800	INFO	org.apache.juli.logging.DirectJDKLog	180	http-nio-8888-exec-1	Initializing Spring FrameworkServlet 'dispatcherServlet'
2019-09-27 14:31:55.901 +0800	INFO	org.springframework.web.servlet.FrameworkServlet	494	http-nio-8888-exec-1	FrameworkServlet 'dispatcherServlet': initialization started
2019-09-27 14:31:55.920 +0800	INFO	org.springframework.web.servlet.FrameworkServlet	509	http-nio-8888-exec-1	FrameworkServlet 'dispatcherServlet': initialization completed in 19 ms
2019-09-27 14:31:55.955 +0800	INFO	com.unicom.zimugeyjb.config.accesslog.AccessLogInterceptor	88	http-nio-8888-exec-1	AccessLog(username=admin, url=http://localhost:8888/index.html, duration=6, httpMethod=GET, httpStatus=304, ip=0:0:0:0:0:0:0:1, createTime=Fri Sep 27 14:31:55 CST 2019)
2019-09-27 14:31:56.017 +0800	INFO	com.unicom.zimugeyjb.config.accesslog.AccessLogInterceptor	88	http-nio-8888-exec-2	AccessLog(username=admin, url=http://localhost:8888/webjars/jquery/jquery.min.js, duration=26, httpMethod=GET, httpStatus=200, ip=0:0:0:0:0:0:0:1, createTime=Fri Sep 27 14:31:56 CST 2019)
2019-09-27 14:32:05.768 +0800	INFO	com.unicom.zimugeyjb.controller.LogDemoController	27	http-nio-8888-exec-3	==============info
2019-09-27 14:32:05.768 +0800	WARN	com.unicom.zimugeyjb.controller.LogDemoController	28	http-nio-8888-exec-3	==============warn
2019-09-27 14:32:05.769 +0800	ERROR	com.unicom.zimugeyjb.controller.LogDemoController	29	http-nio-8888-exec-3	==============error
2019-09-27 14:32:05.784 +0800	INFO	com.unicom.zimugeyjb.config.accesslog.AccessLogInterceptor	88	http-nio-8888-exec-3	AccessLog(username=admin, url=http://localhost:8888/logdemo, duration=20, httpMethod=GET, httpStatus=200, ip=0:0:0:0:0:0:0:1, createTime=Fri Sep 27 14:32:05 CST 2019)
2019-09-27 14:35:22.918 +0800	INFO	org.springframework.context.support.AbstractApplicationContext	993	Thread-21	Closing org.springframework.boot.web.servlet.context.AnnotationConfigServletWebServerApplicationContext@2aa1e633: startup date [Fri Sep 27 14:31:49 CST 2019]; root of context hierarchy
2019-09-27 14:35:22.920 +0800	INFO	org.springframework.context.support.DefaultLifecycleProcessor$LifecycleGroup	366	Thread-21	Stopping beans in phase 2147483647
2019-09-27 14:35:22.923 +0800	INFO	org.springframework.jmx.export.MBeanExporter	451	Thread-21	Unregistering JMX-exposed beans on shutdown
2019-09-27 14:35:22.924 +0800	INFO	org.springframework.jmx.support.MBeanRegistrationSupport	185	Thread-21	Unregistering JMX-exposed beans
2019-09-27 14:35:26.969 +0800	INFO	org.springframework.boot.StartupInfoLogger	50	restartedMain	Starting ZimugeyjbApplication on PC-201908221240 with PID 796 (C:\workspace\idea\000000000zimuge\zimugeyjb001\target\classes started by Administrator in C:\workspace\idea\000000000zimuge\zimugeyjb001)
2019-09-27 14:35:26.987 +0800	INFO	org.springframework.boot.SpringApplication	666	restartedMain	The following profiles are active: dev
2019-09-27 14:35:27.081 +0800	INFO	org.springframework.context.support.AbstractApplicationContext	590	restartedMain	Refreshing org.springframework.boot.web.servlet.context.AnnotationConfigServletWebServerApplicationContext@6dd73bf3: startup date [Fri Sep 27 14:35:27 CST 2019]; root of context hierarchy
2019-09-27 14:35:28.367 +0800	INFO	org.springframework.context.support.PostProcessorRegistrationDelegate$BeanPostProcessorChecker	326	restartedMain	Bean 'org.springframework.transaction.annotation.ProxyTransactionManagementConfiguration' of type [org.springframework.transaction.annotation.ProxyTransactionManagementConfiguration$$EnhancerBySpringCGLIB$$9ad1ad42] is not eligible for getting processed by all BeanPostProcessors (for example: not eligible for auto-proxying)
2019-09-27 14:35:28.925 +0800	INFO	org.springframework.boot.web.embedded.tomcat.TomcatWebServer	91	restartedMain	Tomcat initialized with port(s): 8888 (http)
2019-09-27 14:35:28.935 +0800	INFO	org.apache.juli.logging.DirectJDKLog	180	restartedMain	Initializing ProtocolHandler ["http-nio-8888"]
2019-09-27 14:35:28.944 +0800	INFO	org.apache.juli.logging.DirectJDKLog	180	restartedMain	Starting service [Tomcat]
2019-09-27 14:35:28.944 +0800	INFO	org.apache.juli.logging.DirectJDKLog	180	restartedMain	Starting Servlet Engine: Apache Tomcat/8.5.32
2019-09-27 14:35:28.948 +0800	INFO	org.apache.juli.logging.DirectJDKLog	180	localhost-startStop-1	The APR based Apache Tomcat Native library which allows optimal performance in production environments was not found on the java.library.path: [D:\Program Files\Java\jdk1.8.0_161\bin;C:\Windows\Sun\Java\bin;C:\Windows\system32;C:\Windows;C:\ProgramData\Oracle\Java\javapath;C:\Windows\system32;C:\Windows;C:\Windows\System32\Wbem;C:\Windows\System32\WindowsPowerShell\v1.0\;C:\Windows\System32\OpenSSH\;"D:\Program Files\Java\jdk1.8.0_161\bin;D:\Program Files\Java\jdk1.8.0_161\jre\bin";D:\Program Files\Git\cmd;D:\Program Files\mysql-8.0.17-winx64\mysql-8.0.17-winx64\bin;C:\Program Files (x86)\Google\Chrome\Application\chrome.exe;D:\MongoDB\bin;C:\Users\Administrator\AppData\Local\Microsoft\WindowsApps;C:\Program Files (x86)\Google\Chrome\Application\chrome.exe;;.]
2019-09-27 14:35:29.026 +0800	INFO	org.apache.juli.logging.DirectJDKLog	180	localhost-startStop-1	Initializing Spring embedded WebApplicationContext
2019-09-27 14:35:29.026 +0800	INFO	org.springframework.boot.web.servlet.context.ServletWebServerApplicationContext	285	localhost-startStop-1	Root WebApplicationContext: initialization completed in 1945 ms
2019-09-27 14:35:29.119 +0800	INFO	org.springframework.boot.web.servlet.ServletRegistrationBean	187	localhost-startStop-1	Servlet dispatcherServlet mapped to [/]
2019-09-27 14:35:29.124 +0800	INFO	org.springframework.boot.web.servlet.AbstractFilterRegistrationBean	245	localhost-startStop-1	Mapping filter: 'characterEncodingFilter' to: [/*]
2019-09-27 14:35:29.124 +0800	INFO	org.springframework.boot.web.servlet.AbstractFilterRegistrationBean	245	localhost-startStop-1	Mapping filter: 'hiddenHttpMethodFilter' to: [/*]
2019-09-27 14:35:29.124 +0800	INFO	org.springframework.boot.web.servlet.AbstractFilterRegistrationBean	245	localhost-startStop-1	Mapping filter: 'httpPutFormContentFilter' to: [/*]
2019-09-27 14:35:29.124 +0800	INFO	org.springframework.boot.web.servlet.AbstractFilterRegistrationBean	245	localhost-startStop-1	Mapping filter: 'requestContextFilter' to: [/*]
2019-09-27 14:35:29.124 +0800	INFO	org.springframework.boot.web.servlet.AbstractFilterRegistrationBean	245	localhost-startStop-1	Mapping filter: 'resourceUrlEncodingFilter' to: [/*]
2019-09-27 14:35:29.206 +0800	INFO	org.dozer.config.GlobalSettings	113	restartedMain	Trying to find Dozer configuration file: dozer.properties
2019-09-27 14:35:29.210 +0800	WARN	org.dozer.config.GlobalSettings	118	restartedMain	Dozer configuration file not found: dozer.properties.  Using defaults for all Dozer global properties.
2019-09-27 14:35:29.212 +0800	INFO	org.dozer.DozerInitializer	70	restartedMain	Initializing Dozer. Version: 5.4.0, Thread Name: restartedMain
2019-09-27 14:35:29.214 +0800	INFO	org.dozer.jmx.JMXPlatformImpl	66	restartedMain	Dozer JMX MBean [org.dozer.jmx:type=DozerStatisticsController] auto registered with the Platform MBean Server
2019-09-27 14:35:29.215 +0800	INFO	org.dozer.jmx.JMXPlatformImpl	66	restartedMain	Dozer JMX MBean [org.dozer.jmx:type=DozerAdminController] auto registered with the Platform MBean Server
2019-09-27 14:35:29.218 +0800	INFO	org.dozer.DozerBeanMapper	175	restartedMain	Initializing a new instance of dozer bean mapper.
2019-09-27 14:35:29.982 +0800	INFO	org.springframework.web.servlet.handler.AbstractHandlerMethodMapping$MappingRegistry	547	restartedMain	Mapped "{[/rest/article],methods=[POST]}" onto public com.unicom.zimugeyjb.model.AjaxResponse com.unicom.zimugeyjb.controller.ArticleRestController.saveArticle(com.unicom.zimugeyjb.model.ArticleVo)
2019-09-27 14:35:29.983 +0800	INFO	org.springframework.web.servlet.handler.AbstractHandlerMethodMapping$MappingRegistry	547	restartedMain	Mapped "{[/rest/article/{id}],methods=[DELETE]}" onto public com.unicom.zimugeyjb.model.AjaxResponse com.unicom.zimugeyjb.controller.ArticleRestController.deleteArticle(java.lang.Long)
2019-09-27 14:35:29.984 +0800	INFO	org.springframework.web.servlet.handler.AbstractHandlerMethodMapping$MappingRegistry	547	restartedMain	Mapped "{[/rest/article],methods=[GET]}" onto public com.unicom.zimugeyjb.model.AjaxResponse com.unicom.zimugeyjb.controller.ArticleRestController.getArticle()
2019-09-27 14:35:29.984 +0800	INFO	org.springframework.web.servlet.handler.AbstractHandlerMethodMapping$MappingRegistry	547	restartedMain	Mapped "{[/rest/article/{id}],methods=[GET]}" onto public com.unicom.zimugeyjb.model.AjaxResponse com.unicom.zimugeyjb.controller.ArticleRestController.getArticle(java.lang.Long)
2019-09-27 14:35:29.985 +0800	INFO	org.springframework.web.servlet.handler.AbstractHandlerMethodMapping$MappingRegistry	547	restartedMain	Mapped "{[/rest/article/{id}],methods=[PUT]}" onto public com.unicom.zimugeyjb.model.AjaxResponse com.unicom.zimugeyjb.controller.ArticleRestController.updateArticle(java.lang.Long,com.unicom.zimugeyjb.model.ArticleVo)
2019-09-27 14:35:29.986 +0800	INFO	org.springframework.web.servlet.handler.AbstractHandlerMethodMapping$MappingRegistry	547	restartedMain	Mapped "{[/ex/system]}" onto public com.unicom.zimugeyjb.model.AjaxResponse com.unicom.zimugeyjb.controller.HelloController.system()
2019-09-27 14:35:29.986 +0800	INFO	org.springframework.web.servlet.handler.AbstractHandlerMethodMapping$MappingRegistry	547	restartedMain	Mapped "{[/ex/user]}" onto public com.unicom.zimugeyjb.model.AjaxResponse com.unicom.zimugeyjb.controller.HelloController.user(java.lang.Integer)
2019-09-27 14:35:29.986 +0800	INFO	org.springframework.web.servlet.handler.AbstractHandlerMethodMapping$MappingRegistry	547	restartedMain	Mapped "{[/hello]}" onto public java.lang.String com.unicom.zimugeyjb.controller.HelloController.hello()
2019-09-27 14:35:29.987 +0800	INFO	org.springframework.web.servlet.handler.AbstractHandlerMethodMapping$MappingRegistry	547	restartedMain	Mapped "{[/hello2]}" onto public java.lang.String com.unicom.zimugeyjb.controller.HelloController.hello2()
2019-09-27 14:35:29.987 +0800	INFO	org.springframework.web.servlet.handler.AbstractHandlerMethodMapping$MappingRegistry	547	restartedMain	Mapped "{[/hello3]}" onto public java.lang.String com.unicom.zimugeyjb.controller.HelloController.hello3()
2019-09-27 14:35:29.987 +0800	INFO	org.springframework.web.servlet.handler.AbstractHandlerMethodMapping$MappingRegistry	547	restartedMain	Mapped "{[/logdemo],methods=[GET]}" onto public java.lang.String com.unicom.zimugeyjb.controller.LogDemoController.log()
2019-09-27 14:35:29.988 +0800	INFO	org.springframework.web.servlet.handler.AbstractHandlerMethodMapping$MappingRegistry	547	restartedMain	Mapped "{[/template/freemarker],methods=[GET]}" onto public org.springframework.web.servlet.ModelAndView com.unicom.zimugeyjb.controller.TemplateController.index(org.springframework.ui.Model)
2019-09-27 14:35:29.989 +0800	INFO	org.springframework.web.servlet.handler.AbstractHandlerMethodMapping$MappingRegistry	547	restartedMain	Mapped "{[/v2/api-docs],methods=[GET],produces=[application/json || application/hal+json]}" onto public org.springframework.http.ResponseEntity<springfox.documentation.spring.web.json.Json> springfox.documentation.swagger2.web.Swagger2Controller.getDocumentation(java.lang.String,javax.servlet.http.HttpServletRequest)
2019-09-27 14:35:29.991 +0800	INFO	org.springframework.web.servlet.handler.AbstractHandlerMethodMapping$MappingRegistry	547	restartedMain	Mapped "{[/swagger-resources/configuration/security]}" onto org.springframework.http.ResponseEntity<springfox.documentation.swagger.web.SecurityConfiguration> springfox.documentation.swagger.web.ApiResourceController.securityConfiguration()
2019-09-27 14:35:29.992 +0800	INFO	org.springframework.web.servlet.handler.AbstractHandlerMethodMapping$MappingRegistry	547	restartedMain	Mapped "{[/swagger-resources/configuration/ui]}" onto org.springframework.http.ResponseEntity<springfox.documentation.swagger.web.UiConfiguration> springfox.documentation.swagger.web.ApiResourceController.uiConfiguration()
2019-09-27 14:35:29.992 +0800	INFO	org.springframework.web.servlet.handler.AbstractHandlerMethodMapping$MappingRegistry	547	restartedMain	Mapped "{[/swagger-resources]}" onto org.springframework.http.ResponseEntity<java.util.List<springfox.documentation.swagger.web.SwaggerResource>> springfox.documentation.swagger.web.ApiResourceController.swaggerResources()
2019-09-27 14:35:29.994 +0800	INFO	org.springframework.web.servlet.handler.AbstractHandlerMethodMapping$MappingRegistry	547	restartedMain	Mapped "{[/error]}" onto public org.springframework.http.ResponseEntity<java.util.Map<java.lang.String, java.lang.Object>> org.springframework.boot.autoconfigure.web.servlet.error.BasicErrorController.error(javax.servlet.http.HttpServletRequest)
2019-09-27 14:35:29.994 +0800	INFO	org.springframework.web.servlet.handler.AbstractHandlerMethodMapping$MappingRegistry	547	restartedMain	Mapped "{[/error],produces=[text/html]}" onto public org.springframework.web.servlet.ModelAndView org.springframework.boot.autoconfigure.web.servlet.error.BasicErrorController.errorHtml(javax.servlet.http.HttpServletRequest,javax.servlet.http.HttpServletResponse)
2019-09-27 14:35:30.171 +0800	INFO	org.springframework.web.servlet.handler.AbstractUrlHandlerMapping	373	restartedMain	Mapped URL path [/**/favicon.ico] onto handler of type [class org.springframework.web.servlet.resource.ResourceHttpRequestHandler]
2019-09-27 14:35:30.338 +0800	INFO	org.springframework.web.servlet.mvc.method.annotation.RequestMappingHandlerAdapter	574	restartedMain	Looking for @ControllerAdvice: org.springframework.boot.web.servlet.context.AnnotationConfigServletWebServerApplicationContext@6dd73bf3: startup date [Fri Sep 27 14:35:27 CST 2019]; root of context hierarchy
2019-09-27 14:35:30.395 +0800	INFO	org.springframework.web.servlet.handler.AbstractUrlHandlerMapping	373	restartedMain	Mapped URL path [/webjars/**] onto handler of type [class org.springframework.web.servlet.resource.ResourceHttpRequestHandler]
2019-09-27 14:35:30.395 +0800	INFO	org.springframework.web.servlet.handler.AbstractUrlHandlerMapping	373	restartedMain	Mapped URL path [/**] onto handler of type [class org.springframework.web.servlet.resource.ResourceHttpRequestHandler]
2019-09-27 14:35:30.411 +0800	INFO	org.springframework.web.servlet.mvc.method.annotation.ExceptionHandlerExceptionResolver	288	restartedMain	Detected @ExceptionHandler methods in webExceptionHandler
2019-09-27 14:35:30.454 +0800	INFO	org.springframework.boot.autoconfigure.web.servlet.WelcomePageHandlerMapping	56	restartedMain	Adding welcome page: class path resource [public/index.html]
2019-09-27 14:35:30.614 +0800	INFO	org.springframework.web.servlet.view.freemarker.FreeMarkerConfigurer	131	restartedMain	ClassTemplateLoader for Spring macros added to FreeMarker configuration
2019-09-27 14:35:30.827 +0800	INFO	org.springframework.boot.devtools.autoconfigure.OptionalLiveReloadServer	57	restartedMain	LiveReload server is running on port 35729
2019-09-27 14:35:30.854 +0800	INFO	org.springframework.jmx.export.MBeanExporter	433	restartedMain	Registering beans for JMX exposure on startup
2019-09-27 14:35:30.856 +0800	INFO	org.springframework.jmx.export.MBeanExporter	895	restartedMain	Bean with name 'dataSource' has been autodetected for JMX exposure
2019-09-27 14:35:30.862 +0800	INFO	org.springframework.jmx.export.MBeanExporter	668	restartedMain	Located MBean 'dataSource': registering with JMX server as MBean [com.zaxxer.hikari:name=dataSource,type=HikariDataSource]
2019-09-27 14:35:30.885 +0800	INFO	org.springframework.context.support.DefaultLifecycleProcessor$LifecycleGroup	351	restartedMain	Starting beans in phase 2147483647
2019-09-27 14:35:30.885 +0800	INFO	springfox.documentation.spring.web.plugins.DocumentationPluginsBootstrapper	120	restartedMain	Context refreshed
2019-09-27 14:35:30.898 +0800	INFO	springfox.documentation.spring.web.plugins.DocumentationPluginsBootstrapper	123	restartedMain	Found 1 custom documentation plugin(s)
2019-09-27 14:35:30.910 +0800	INFO	springfox.documentation.spring.web.scanners.ApiListingReferenceScanner	41	restartedMain	Scanning for api listing references
2019-09-27 14:35:30.999 +0800	INFO	springfox.documentation.spring.web.readers.operation.CachingOperationNameGenerator	40	restartedMain	Generating unique operation named: getArticleUsingGET_1
2019-09-27 14:35:31.041 +0800	INFO	org.apache.juli.logging.DirectJDKLog	180	restartedMain	Starting ProtocolHandler ["http-nio-8888"]
2019-09-27 14:35:31.051 +0800	INFO	org.apache.juli.logging.DirectJDKLog	180	restartedMain	Using a shared selector for servlet write/read
2019-09-27 14:35:31.064 +0800	INFO	org.springframework.boot.web.embedded.tomcat.TomcatWebServer	206	restartedMain	Tomcat started on port(s): 8888 (http) with context path ''
2019-09-27 14:35:31.069 +0800	INFO	org.springframework.boot.StartupInfoLogger	59	restartedMain	Started ZimugeyjbApplication in 4.597 seconds (JVM running for 6.175)
2019-09-27 14:35:35.185 +0800	INFO	org.apache.juli.logging.DirectJDKLog	180	http-nio-8888-exec-1	Initializing Spring FrameworkServlet 'dispatcherServlet'
2019-09-27 14:35:35.186 +0800	INFO	org.springframework.web.servlet.FrameworkServlet	494	http-nio-8888-exec-1	FrameworkServlet 'dispatcherServlet': initialization started
2019-09-27 14:35:35.208 +0800	INFO	org.springframework.web.servlet.FrameworkServlet	509	http-nio-8888-exec-1	FrameworkServlet 'dispatcherServlet': initialization completed in 22 ms
2019-09-27 14:35:35.239 +0800	INFO	com.unicom.zimugeyjb.controller.LogDemoController	27	http-nio-8888-exec-1	==============info
2019-09-27 14:35:35.240 +0800	WARN	com.unicom.zimugeyjb.controller.LogDemoController	28	http-nio-8888-exec-1	==============warn
2019-09-27 14:35:35.240 +0800	ERROR	com.unicom.zimugeyjb.controller.LogDemoController	29	http-nio-8888-exec-1	==============error
2019-09-27 14:37:13.346 +0800	INFO	org.springframework.context.support.AbstractApplicationContext	993	Thread-18	Closing org.springframework.boot.web.servlet.context.AnnotationConfigServletWebServerApplicationContext@6dd73bf3: startup date [Fri Sep 27 14:35:27 CST 2019]; root of context hierarchy
2019-09-27 14:37:13.349 +0800	INFO	org.springframework.context.support.DefaultLifecycleProcessor$LifecycleGroup	366	Thread-18	Stopping beans in phase 2147483647
2019-09-27 14:37:13.351 +0800	INFO	org.springframework.jmx.export.MBeanExporter	451	Thread-18	Unregistering JMX-exposed beans on shutdown
2019-09-27 14:37:13.352 +0800	INFO	org.springframework.jmx.support.MBeanRegistrationSupport	185	Thread-18	Unregistering JMX-exposed beans
2019-09-27 14:37:17.406 +0800	INFO	org.springframework.boot.StartupInfoLogger	50	restartedMain	Starting ZimugeyjbApplication on PC-201908221240 with PID 12108 (C:\workspace\idea\000000000zimuge\zimugeyjb001\target\classes started by Administrator in C:\workspace\idea\000000000zimuge\zimugeyjb001)
2019-09-27 14:37:17.410 +0800	INFO	org.springframework.boot.SpringApplication	666	restartedMain	The following profiles are active: dev
2019-09-27 14:37:17.456 +0800	INFO	org.springframework.context.support.AbstractApplicationContext	590	restartedMain	Refreshing org.springframework.boot.web.servlet.context.AnnotationConfigServletWebServerApplicationContext@5b2061e6: startup date [Fri Sep 27 14:37:17 CST 2019]; root of context hierarchy
2019-09-27 14:37:18.643 +0800	INFO	org.springframework.context.support.PostProcessorRegistrationDelegate$BeanPostProcessorChecker	326	restartedMain	Bean 'org.springframework.transaction.annotation.ProxyTransactionManagementConfiguration' of type [org.springframework.transaction.annotation.ProxyTransactionManagementConfiguration$$EnhancerBySpringCGLIB$$a70996f0] is not eligible for getting processed by all BeanPostProcessors (for example: not eligible for auto-proxying)
2019-09-27 14:37:19.194 +0800	INFO	org.springframework.boot.web.embedded.tomcat.TomcatWebServer	91	restartedMain	Tomcat initialized with port(s): 8888 (http)
2019-09-27 14:37:19.205 +0800	INFO	org.apache.juli.logging.DirectJDKLog	180	restartedMain	Initializing ProtocolHandler ["http-nio-8888"]
2019-09-27 14:37:19.215 +0800	INFO	org.apache.juli.logging.DirectJDKLog	180	restartedMain	Starting service [Tomcat]
2019-09-27 14:37:19.216 +0800	INFO	org.apache.juli.logging.DirectJDKLog	180	restartedMain	Starting Servlet Engine: Apache Tomcat/8.5.32
2019-09-27 14:37:19.220 +0800	INFO	org.apache.juli.logging.DirectJDKLog	180	localhost-startStop-1	The APR based Apache Tomcat Native library which allows optimal performance in production environments was not found on the java.library.path: [D:\Program Files\Java\jdk1.8.0_161\bin;C:\Windows\Sun\Java\bin;C:\Windows\system32;C:\Windows;C:\ProgramData\Oracle\Java\javapath;C:\Windows\system32;C:\Windows;C:\Windows\System32\Wbem;C:\Windows\System32\WindowsPowerShell\v1.0\;C:\Windows\System32\OpenSSH\;"D:\Program Files\Java\jdk1.8.0_161\bin;D:\Program Files\Java\jdk1.8.0_161\jre\bin";D:\Program Files\Git\cmd;D:\Program Files\mysql-8.0.17-winx64\mysql-8.0.17-winx64\bin;C:\Program Files (x86)\Google\Chrome\Application\chrome.exe;D:\MongoDB\bin;C:\Users\Administrator\AppData\Local\Microsoft\WindowsApps;C:\Program Files (x86)\Google\Chrome\Application\chrome.exe;;.]
2019-09-27 14:37:19.299 +0800	INFO	org.apache.juli.logging.DirectJDKLog	180	localhost-startStop-1	Initializing Spring embedded WebApplicationContext
2019-09-27 14:37:19.300 +0800	INFO	org.springframework.boot.web.servlet.context.ServletWebServerApplicationContext	285	localhost-startStop-1	Root WebApplicationContext: initialization completed in 1843 ms
2019-09-27 14:37:19.390 +0800	INFO	org.springframework.boot.web.servlet.ServletRegistrationBean	187	localhost-startStop-1	Servlet dispatcherServlet mapped to [/]
2019-09-27 14:37:19.395 +0800	INFO	org.springframework.boot.web.servlet.AbstractFilterRegistrationBean	245	localhost-startStop-1	Mapping filter: 'characterEncodingFilter' to: [/*]
2019-09-27 14:37:19.395 +0800	INFO	org.springframework.boot.web.servlet.AbstractFilterRegistrationBean	245	localhost-startStop-1	Mapping filter: 'hiddenHttpMethodFilter' to: [/*]
2019-09-27 14:37:19.396 +0800	INFO	org.springframework.boot.web.servlet.AbstractFilterRegistrationBean	245	localhost-startStop-1	Mapping filter: 'httpPutFormContentFilter' to: [/*]
2019-09-27 14:37:19.396 +0800	INFO	org.springframework.boot.web.servlet.AbstractFilterRegistrationBean	245	localhost-startStop-1	Mapping filter: 'requestContextFilter' to: [/*]
2019-09-27 14:37:19.396 +0800	INFO	org.springframework.boot.web.servlet.AbstractFilterRegistrationBean	245	localhost-startStop-1	Mapping filter: 'resourceUrlEncodingFilter' to: [/*]
2019-09-27 14:37:19.473 +0800	INFO	org.dozer.config.GlobalSettings	113	restartedMain	Trying to find Dozer configuration file: dozer.properties
2019-09-27 14:37:19.478 +0800	WARN	org.dozer.config.GlobalSettings	118	restartedMain	Dozer configuration file not found: dozer.properties.  Using defaults for all Dozer global properties.
2019-09-27 14:37:19.480 +0800	INFO	org.dozer.DozerInitializer	70	restartedMain	Initializing Dozer. Version: 5.4.0, Thread Name: restartedMain
2019-09-27 14:37:19.482 +0800	INFO	org.dozer.jmx.JMXPlatformImpl	66	restartedMain	Dozer JMX MBean [org.dozer.jmx:type=DozerStatisticsController] auto registered with the Platform MBean Server
2019-09-27 14:37:19.483 +0800	INFO	org.dozer.jmx.JMXPlatformImpl	66	restartedMain	Dozer JMX MBean [org.dozer.jmx:type=DozerAdminController] auto registered with the Platform MBean Server
2019-09-27 14:37:19.486 +0800	INFO	org.dozer.DozerBeanMapper	175	restartedMain	Initializing a new instance of dozer bean mapper.
2019-09-27 14:37:20.123 +0800	INFO	org.springframework.web.servlet.handler.AbstractHandlerMethodMapping$MappingRegistry	547	restartedMain	Mapped "{[/rest/article/{id}],methods=[DELETE]}" onto public com.unicom.zimugeyjb.model.AjaxResponse com.unicom.zimugeyjb.controller.ArticleRestController.deleteArticle(java.lang.Long)
2019-09-27 14:37:20.124 +0800	INFO	org.springframework.web.servlet.handler.AbstractHandlerMethodMapping$MappingRegistry	547	restartedMain	Mapped "{[/rest/article],methods=[POST]}" onto public com.unicom.zimugeyjb.model.AjaxResponse com.unicom.zimugeyjb.controller.ArticleRestController.saveArticle(com.unicom.zimugeyjb.model.ArticleVo)
2019-09-27 14:37:20.124 +0800	INFO	org.springframework.web.servlet.handler.AbstractHandlerMethodMapping$MappingRegistry	547	restartedMain	Mapped "{[/rest/article],methods=[GET]}" onto public com.unicom.zimugeyjb.model.AjaxResponse com.unicom.zimugeyjb.controller.ArticleRestController.getArticle()
2019-09-27 14:37:20.125 +0800	INFO	org.springframework.web.servlet.handler.AbstractHandlerMethodMapping$MappingRegistry	547	restartedMain	Mapped "{[/rest/article/{id}],methods=[GET]}" onto public com.unicom.zimugeyjb.model.AjaxResponse com.unicom.zimugeyjb.controller.ArticleRestController.getArticle(java.lang.Long)
2019-09-27 14:37:20.125 +0800	INFO	org.springframework.web.servlet.handler.AbstractHandlerMethodMapping$MappingRegistry	547	restartedMain	Mapped "{[/rest/article/{id}],methods=[PUT]}" onto public com.unicom.zimugeyjb.model.AjaxResponse com.unicom.zimugeyjb.controller.ArticleRestController.updateArticle(java.lang.Long,com.unicom.zimugeyjb.model.ArticleVo)
2019-09-27 14:37:20.126 +0800	INFO	org.springframework.web.servlet.handler.AbstractHandlerMethodMapping$MappingRegistry	547	restartedMain	Mapped "{[/ex/system]}" onto public com.unicom.zimugeyjb.model.AjaxResponse com.unicom.zimugeyjb.controller.HelloController.system()
2019-09-27 14:37:20.127 +0800	INFO	org.springframework.web.servlet.handler.AbstractHandlerMethodMapping$MappingRegistry	547	restartedMain	Mapped "{[/ex/user]}" onto public com.unicom.zimugeyjb.model.AjaxResponse com.unicom.zimugeyjb.controller.HelloController.user(java.lang.Integer)
2019-09-27 14:37:20.127 +0800	INFO	org.springframework.web.servlet.handler.AbstractHandlerMethodMapping$MappingRegistry	547	restartedMain	Mapped "{[/hello]}" onto public java.lang.String com.unicom.zimugeyjb.controller.HelloController.hello()
2019-09-27 14:37:20.127 +0800	INFO	org.springframework.web.servlet.handler.AbstractHandlerMethodMapping$MappingRegistry	547	restartedMain	Mapped "{[/hello3]}" onto public java.lang.String com.unicom.zimugeyjb.controller.HelloController.hello3()
2019-09-27 14:37:20.127 +0800	INFO	org.springframework.web.servlet.handler.AbstractHandlerMethodMapping$MappingRegistry	547	restartedMain	Mapped "{[/hello2]}" onto public java.lang.String com.unicom.zimugeyjb.controller.HelloController.hello2()
2019-09-27 14:37:20.128 +0800	INFO	org.springframework.web.servlet.handler.AbstractHandlerMethodMapping$MappingRegistry	547	restartedMain	Mapped "{[/logdemo],methods=[GET]}" onto public java.lang.String com.unicom.zimugeyjb.controller.LogDemoController.log()
2019-09-27 14:37:20.128 +0800	INFO	org.springframework.web.servlet.handler.AbstractHandlerMethodMapping$MappingRegistry	547	restartedMain	Mapped "{[/template/freemarker],methods=[GET]}" onto public org.springframework.web.servlet.ModelAndView com.unicom.zimugeyjb.controller.TemplateController.index(org.springframework.ui.Model)
2019-09-27 14:37:20.129 +0800	INFO	org.springframework.web.servlet.handler.AbstractHandlerMethodMapping$MappingRegistry	547	restartedMain	Mapped "{[/v2/api-docs],methods=[GET],produces=[application/json || application/hal+json]}" onto public org.springframework.http.ResponseEntity<springfox.documentation.spring.web.json.Json> springfox.documentation.swagger2.web.Swagger2Controller.getDocumentation(java.lang.String,javax.servlet.http.HttpServletRequest)
2019-09-27 14:37:20.132 +0800	INFO	org.springframework.web.servlet.handler.AbstractHandlerMethodMapping$MappingRegistry	547	restartedMain	Mapped "{[/swagger-resources/configuration/ui]}" onto org.springframework.http.ResponseEntity<springfox.documentation.swagger.web.UiConfiguration> springfox.documentation.swagger.web.ApiResourceController.uiConfiguration()
2019-09-27 14:37:20.132 +0800	INFO	org.springframework.web.servlet.handler.AbstractHandlerMethodMapping$MappingRegistry	547	restartedMain	Mapped "{[/swagger-resources]}" onto org.springframework.http.ResponseEntity<java.util.List<springfox.documentation.swagger.web.SwaggerResource>> springfox.documentation.swagger.web.ApiResourceController.swaggerResources()
2019-09-27 14:37:20.133 +0800	INFO	org.springframework.web.servlet.handler.AbstractHandlerMethodMapping$MappingRegistry	547	restartedMain	Mapped "{[/swagger-resources/configuration/security]}" onto org.springframework.http.ResponseEntity<springfox.documentation.swagger.web.SecurityConfiguration> springfox.documentation.swagger.web.ApiResourceController.securityConfiguration()
2019-09-27 14:37:20.135 +0800	INFO	org.springframework.web.servlet.handler.AbstractHandlerMethodMapping$MappingRegistry	547	restartedMain	Mapped "{[/error]}" onto public org.springframework.http.ResponseEntity<java.util.Map<java.lang.String, java.lang.Object>> org.springframework.boot.autoconfigure.web.servlet.error.BasicErrorController.error(javax.servlet.http.HttpServletRequest)
2019-09-27 14:37:20.135 +0800	INFO	org.springframework.web.servlet.handler.AbstractHandlerMethodMapping$MappingRegistry	547	restartedMain	Mapped "{[/error],produces=[text/html]}" onto public org.springframework.web.servlet.ModelAndView org.springframework.boot.autoconfigure.web.servlet.error.BasicErrorController.errorHtml(javax.servlet.http.HttpServletRequest,javax.servlet.http.HttpServletResponse)
2019-09-27 14:37:20.353 +0800	INFO	org.springframework.web.servlet.handler.AbstractUrlHandlerMapping	373	restartedMain	Mapped URL path [/**/favicon.ico] onto handler of type [class org.springframework.web.servlet.resource.ResourceHttpRequestHandler]
2019-09-27 14:37:20.514 +0800	INFO	org.springframework.web.servlet.mvc.method.annotation.RequestMappingHandlerAdapter	574	restartedMain	Looking for @ControllerAdvice: org.springframework.boot.web.servlet.context.AnnotationConfigServletWebServerApplicationContext@5b2061e6: startup date [Fri Sep 27 14:37:17 CST 2019]; root of context hierarchy
2019-09-27 14:37:20.570 +0800	INFO	org.springframework.web.servlet.handler.AbstractUrlHandlerMapping	373	restartedMain	Mapped URL path [/webjars/**] onto handler of type [class org.springframework.web.servlet.resource.ResourceHttpRequestHandler]
2019-09-27 14:37:20.570 +0800	INFO	org.springframework.web.servlet.handler.AbstractUrlHandlerMapping	373	restartedMain	Mapped URL path [/**] onto handler of type [class org.springframework.web.servlet.resource.ResourceHttpRequestHandler]
2019-09-27 14:37:20.587 +0800	INFO	org.springframework.web.servlet.mvc.method.annotation.ExceptionHandlerExceptionResolver	288	restartedMain	Detected @ExceptionHandler methods in webExceptionHandler
2019-09-27 14:37:20.628 +0800	INFO	org.springframework.boot.autoconfigure.web.servlet.WelcomePageHandlerMapping	56	restartedMain	Adding welcome page: class path resource [public/index.html]
2019-09-27 14:37:20.784 +0800	INFO	org.springframework.web.servlet.view.freemarker.FreeMarkerConfigurer	131	restartedMain	ClassTemplateLoader for Spring macros added to FreeMarker configuration
2019-09-27 14:37:20.987 +0800	INFO	org.springframework.boot.devtools.autoconfigure.OptionalLiveReloadServer	57	restartedMain	LiveReload server is running on port 35729
2019-09-27 14:37:21.013 +0800	INFO	org.springframework.jmx.export.MBeanExporter	433	restartedMain	Registering beans for JMX exposure on startup
2019-09-27 14:37:21.015 +0800	INFO	org.springframework.jmx.export.MBeanExporter	895	restartedMain	Bean with name 'dataSource' has been autodetected for JMX exposure
2019-09-27 14:37:21.021 +0800	INFO	org.springframework.jmx.export.MBeanExporter	668	restartedMain	Located MBean 'dataSource': registering with JMX server as MBean [com.zaxxer.hikari:name=dataSource,type=HikariDataSource]
2019-09-27 14:37:21.025 +0800	INFO	org.springframework.context.support.DefaultLifecycleProcessor$LifecycleGroup	351	restartedMain	Starting beans in phase 2147483647
2019-09-27 14:37:21.025 +0800	INFO	springfox.documentation.spring.web.plugins.DocumentationPluginsBootstrapper	120	restartedMain	Context refreshed
2019-09-27 14:37:21.038 +0800	INFO	springfox.documentation.spring.web.plugins.DocumentationPluginsBootstrapper	123	restartedMain	Found 1 custom documentation plugin(s)
2019-09-27 14:37:21.049 +0800	INFO	springfox.documentation.spring.web.scanners.ApiListingReferenceScanner	41	restartedMain	Scanning for api listing references
2019-09-27 14:37:21.158 +0800	INFO	springfox.documentation.spring.web.readers.operation.CachingOperationNameGenerator	40	restartedMain	Generating unique operation named: getArticleUsingGET_1
2019-09-27 14:37:21.210 +0800	INFO	org.apache.juli.logging.DirectJDKLog	180	restartedMain	Starting ProtocolHandler ["http-nio-8888"]
2019-09-27 14:37:21.221 +0800	INFO	org.apache.juli.logging.DirectJDKLog	180	restartedMain	Using a shared selector for servlet write/read
2019-09-27 14:37:21.236 +0800	INFO	org.springframework.boot.web.embedded.tomcat.TomcatWebServer	206	restartedMain	Tomcat started on port(s): 8888 (http) with context path ''
2019-09-27 14:37:21.240 +0800	INFO	org.springframework.boot.StartupInfoLogger	59	restartedMain	Started ZimugeyjbApplication in 4.329 seconds (JVM running for 5.672)
2019-09-27 14:37:26.262 +0800	INFO	org.apache.juli.logging.DirectJDKLog	180	http-nio-8888-exec-1	Initializing Spring FrameworkServlet 'dispatcherServlet'
2019-09-27 14:37:26.262 +0800	INFO	org.springframework.web.servlet.FrameworkServlet	494	http-nio-8888-exec-1	FrameworkServlet 'dispatcherServlet': initialization started
2019-09-27 14:37:26.288 +0800	INFO	org.springframework.web.servlet.FrameworkServlet	509	http-nio-8888-exec-1	FrameworkServlet 'dispatcherServlet': initialization completed in 25 ms
2019-09-27 14:37:26.319 +0800	INFO	com.unicom.zimugeyjb.controller.LogDemoController	27	http-nio-8888-exec-1	==============info
2019-09-27 14:37:26.319 +0800	WARN	com.unicom.zimugeyjb.controller.LogDemoController	28	http-nio-8888-exec-1	==============warn
2019-09-27 14:37:26.319 +0800	ERROR	com.unicom.zimugeyjb.controller.LogDemoController	29	http-nio-8888-exec-1	==============error
2019-09-27 14:37:58.398 +0800	INFO	org.springframework.context.support.AbstractApplicationContext	993	Thread-17	Closing org.springframework.boot.web.servlet.context.AnnotationConfigServletWebServerApplicationContext@5b2061e6: startup date [Fri Sep 27 14:37:17 CST 2019]; root of context hierarchy
2019-09-27 14:37:58.400 +0800	INFO	org.springframework.context.support.DefaultLifecycleProcessor$LifecycleGroup	366	Thread-17	Stopping beans in phase 2147483647
2019-09-27 14:37:58.402 +0800	INFO	org.springframework.jmx.export.MBeanExporter	451	Thread-17	Unregistering JMX-exposed beans on shutdown
2019-09-27 14:37:58.403 +0800	INFO	org.springframework.jmx.support.MBeanRegistrationSupport	185	Thread-17	Unregistering JMX-exposed beans
2019-09-27 14:38:02.170 +0800	INFO	org.springframework.boot.StartupInfoLogger	50	restartedMain	Starting ZimugeyjbApplication on PC-201908221240 with PID 1456 (C:\workspace\idea\000000000zimuge\zimugeyjb001\target\classes started by Administrator in C:\workspace\idea\000000000zimuge\zimugeyjb001)
2019-09-27 14:38:02.214 +0800	INFO	org.springframework.boot.SpringApplication	666	restartedMain	The following profiles are active: dev
2019-09-27 14:38:02.259 +0800	INFO	org.springframework.context.support.AbstractApplicationContext	590	restartedMain	Refreshing org.springframework.boot.web.servlet.context.AnnotationConfigServletWebServerApplicationContext@41560557: startup date [Fri Sep 27 14:38:02 CST 2019]; root of context hierarchy
2019-09-27 14:38:03.447 +0800	INFO	org.springframework.context.support.PostProcessorRegistrationDelegate$BeanPostProcessorChecker	326	restartedMain	Bean 'org.springframework.transaction.annotation.ProxyTransactionManagementConfiguration' of type [org.springframework.transaction.annotation.ProxyTransactionManagementConfiguration$$EnhancerBySpringCGLIB$$3ea0ee7d] is not eligible for getting processed by all BeanPostProcessors (for example: not eligible for auto-proxying)
2019-09-27 14:38:03.985 +0800	INFO	org.springframework.boot.web.embedded.tomcat.TomcatWebServer	91	restartedMain	Tomcat initialized with port(s): 8888 (http)
2019-09-27 14:38:03.995 +0800	INFO	org.apache.juli.logging.DirectJDKLog	180	restartedMain	Initializing ProtocolHandler ["http-nio-8888"]
2019-09-27 14:38:04.004 +0800	INFO	org.apache.juli.logging.DirectJDKLog	180	restartedMain	Starting service [Tomcat]
2019-09-27 14:38:04.004 +0800	INFO	org.apache.juli.logging.DirectJDKLog	180	restartedMain	Starting Servlet Engine: Apache Tomcat/8.5.32
2019-09-27 14:38:04.008 +0800	INFO	org.apache.juli.logging.DirectJDKLog	180	localhost-startStop-1	The APR based Apache Tomcat Native library which allows optimal performance in production environments was not found on the java.library.path: [D:\Program Files\Java\jdk1.8.0_161\bin;C:\Windows\Sun\Java\bin;C:\Windows\system32;C:\Windows;C:\ProgramData\Oracle\Java\javapath;C:\Windows\system32;C:\Windows;C:\Windows\System32\Wbem;C:\Windows\System32\WindowsPowerShell\v1.0\;C:\Windows\System32\OpenSSH\;"D:\Program Files\Java\jdk1.8.0_161\bin;D:\Program Files\Java\jdk1.8.0_161\jre\bin";D:\Program Files\Git\cmd;D:\Program Files\mysql-8.0.17-winx64\mysql-8.0.17-winx64\bin;C:\Program Files (x86)\Google\Chrome\Application\chrome.exe;D:\MongoDB\bin;C:\Users\Administrator\AppData\Local\Microsoft\WindowsApps;C:\Program Files (x86)\Google\Chrome\Application\chrome.exe;;.]
2019-09-27 14:38:04.086 +0800	INFO	org.apache.juli.logging.DirectJDKLog	180	localhost-startStop-1	Initializing Spring embedded WebApplicationContext
2019-09-27 14:38:04.087 +0800	INFO	org.springframework.boot.web.servlet.context.ServletWebServerApplicationContext	285	localhost-startStop-1	Root WebApplicationContext: initialization completed in 1828 ms
2019-09-27 14:38:04.179 +0800	INFO	org.springframework.boot.web.servlet.ServletRegistrationBean	187	localhost-startStop-1	Servlet dispatcherServlet mapped to [/]
2019-09-27 14:38:04.183 +0800	INFO	org.springframework.boot.web.servlet.AbstractFilterRegistrationBean	245	localhost-startStop-1	Mapping filter: 'characterEncodingFilter' to: [/*]
2019-09-27 14:38:04.184 +0800	INFO	org.springframework.boot.web.servlet.AbstractFilterRegistrationBean	245	localhost-startStop-1	Mapping filter: 'hiddenHttpMethodFilter' to: [/*]
2019-09-27 14:38:04.184 +0800	INFO	org.springframework.boot.web.servlet.AbstractFilterRegistrationBean	245	localhost-startStop-1	Mapping filter: 'httpPutFormContentFilter' to: [/*]
2019-09-27 14:38:04.184 +0800	INFO	org.springframework.boot.web.servlet.AbstractFilterRegistrationBean	245	localhost-startStop-1	Mapping filter: 'requestContextFilter' to: [/*]
2019-09-27 14:38:04.184 +0800	INFO	org.springframework.boot.web.servlet.AbstractFilterRegistrationBean	245	localhost-startStop-1	Mapping filter: 'resourceUrlEncodingFilter' to: [/*]
2019-09-27 14:38:04.263 +0800	INFO	org.dozer.config.GlobalSettings	113	restartedMain	Trying to find Dozer configuration file: dozer.properties
2019-09-27 14:38:04.268 +0800	WARN	org.dozer.config.GlobalSettings	118	restartedMain	Dozer configuration file not found: dozer.properties.  Using defaults for all Dozer global properties.
2019-09-27 14:38:04.270 +0800	INFO	org.dozer.DozerInitializer	70	restartedMain	Initializing Dozer. Version: 5.4.0, Thread Name: restartedMain
2019-09-27 14:38:04.272 +0800	INFO	org.dozer.jmx.JMXPlatformImpl	66	restartedMain	Dozer JMX MBean [org.dozer.jmx:type=DozerStatisticsController] auto registered with the Platform MBean Server
2019-09-27 14:38:04.273 +0800	INFO	org.dozer.jmx.JMXPlatformImpl	66	restartedMain	Dozer JMX MBean [org.dozer.jmx:type=DozerAdminController] auto registered with the Platform MBean Server
2019-09-27 14:38:04.276 +0800	INFO	org.dozer.DozerBeanMapper	175	restartedMain	Initializing a new instance of dozer bean mapper.
2019-09-27 14:38:04.920 +0800	INFO	org.springframework.web.servlet.handler.AbstractHandlerMethodMapping$MappingRegistry	547	restartedMain	Mapped "{[/rest/article],methods=[POST]}" onto public com.unicom.zimugeyjb.model.AjaxResponse com.unicom.zimugeyjb.controller.ArticleRestController.saveArticle(com.unicom.zimugeyjb.model.ArticleVo)
2019-09-27 14:38:04.921 +0800	INFO	org.springframework.web.servlet.handler.AbstractHandlerMethodMapping$MappingRegistry	547	restartedMain	Mapped "{[/rest/article/{id}],methods=[GET]}" onto public com.unicom.zimugeyjb.model.AjaxResponse com.unicom.zimugeyjb.controller.ArticleRestController.getArticle(java.lang.Long)
2019-09-27 14:38:04.922 +0800	INFO	org.springframework.web.servlet.handler.AbstractHandlerMethodMapping$MappingRegistry	547	restartedMain	Mapped "{[/rest/article],methods=[GET]}" onto public com.unicom.zimugeyjb.model.AjaxResponse com.unicom.zimugeyjb.controller.ArticleRestController.getArticle()
2019-09-27 14:38:04.922 +0800	INFO	org.springframework.web.servlet.handler.AbstractHandlerMethodMapping$MappingRegistry	547	restartedMain	Mapped "{[/rest/article/{id}],methods=[PUT]}" onto public com.unicom.zimugeyjb.model.AjaxResponse com.unicom.zimugeyjb.controller.ArticleRestController.updateArticle(java.lang.Long,com.unicom.zimugeyjb.model.ArticleVo)
2019-09-27 14:38:04.922 +0800	INFO	org.springframework.web.servlet.handler.AbstractHandlerMethodMapping$MappingRegistry	547	restartedMain	Mapped "{[/rest/article/{id}],methods=[DELETE]}" onto public com.unicom.zimugeyjb.model.AjaxResponse com.unicom.zimugeyjb.controller.ArticleRestController.deleteArticle(java.lang.Long)
2019-09-27 14:38:04.923 +0800	INFO	org.springframework.web.servlet.handler.AbstractHandlerMethodMapping$MappingRegistry	547	restartedMain	Mapped "{[/ex/system]}" onto public com.unicom.zimugeyjb.model.AjaxResponse com.unicom.zimugeyjb.controller.HelloController.system()
2019-09-27 14:38:04.924 +0800	INFO	org.springframework.web.servlet.handler.AbstractHandlerMethodMapping$MappingRegistry	547	restartedMain	Mapped "{[/ex/user]}" onto public com.unicom.zimugeyjb.model.AjaxResponse com.unicom.zimugeyjb.controller.HelloController.user(java.lang.Integer)
2019-09-27 14:38:04.924 +0800	INFO	org.springframework.web.servlet.handler.AbstractHandlerMethodMapping$MappingRegistry	547	restartedMain	Mapped "{[/hello2]}" onto public java.lang.String com.unicom.zimugeyjb.controller.HelloController.hello2()
2019-09-27 14:38:04.924 +0800	INFO	org.springframework.web.servlet.handler.AbstractHandlerMethodMapping$MappingRegistry	547	restartedMain	Mapped "{[/hello]}" onto public java.lang.String com.unicom.zimugeyjb.controller.HelloController.hello()
2019-09-27 14:38:04.924 +0800	INFO	org.springframework.web.servlet.handler.AbstractHandlerMethodMapping$MappingRegistry	547	restartedMain	Mapped "{[/hello3]}" onto public java.lang.String com.unicom.zimugeyjb.controller.HelloController.hello3()
2019-09-27 14:38:04.925 +0800	INFO	org.springframework.web.servlet.handler.AbstractHandlerMethodMapping$MappingRegistry	547	restartedMain	Mapped "{[/logdemo],methods=[GET]}" onto public java.lang.String com.unicom.zimugeyjb.controller.LogDemoController.log()
2019-09-27 14:38:04.925 +0800	INFO	org.springframework.web.servlet.handler.AbstractHandlerMethodMapping$MappingRegistry	547	restartedMain	Mapped "{[/template/freemarker],methods=[GET]}" onto public org.springframework.web.servlet.ModelAndView com.unicom.zimugeyjb.controller.TemplateController.index(org.springframework.ui.Model)
2019-09-27 14:38:04.926 +0800	INFO	org.springframework.web.servlet.handler.AbstractHandlerMethodMapping$MappingRegistry	547	restartedMain	Mapped "{[/v2/api-docs],methods=[GET],produces=[application/json || application/hal+json]}" onto public org.springframework.http.ResponseEntity<springfox.documentation.spring.web.json.Json> springfox.documentation.swagger2.web.Swagger2Controller.getDocumentation(java.lang.String,javax.servlet.http.HttpServletRequest)
2019-09-27 14:38:04.929 +0800	INFO	org.springframework.web.servlet.handler.AbstractHandlerMethodMapping$MappingRegistry	547	restartedMain	Mapped "{[/swagger-resources/configuration/ui]}" onto org.springframework.http.ResponseEntity<springfox.documentation.swagger.web.UiConfiguration> springfox.documentation.swagger.web.ApiResourceController.uiConfiguration()
2019-09-27 14:38:04.929 +0800	INFO	org.springframework.web.servlet.handler.AbstractHandlerMethodMapping$MappingRegistry	547	restartedMain	Mapped "{[/swagger-resources]}" onto org.springframework.http.ResponseEntity<java.util.List<springfox.documentation.swagger.web.SwaggerResource>> springfox.documentation.swagger.web.ApiResourceController.swaggerResources()
2019-09-27 14:38:04.930 +0800	INFO	org.springframework.web.servlet.handler.AbstractHandlerMethodMapping$MappingRegistry	547	restartedMain	Mapped "{[/swagger-resources/configuration/security]}" onto org.springframework.http.ResponseEntity<springfox.documentation.swagger.web.SecurityConfiguration> springfox.documentation.swagger.web.ApiResourceController.securityConfiguration()
2019-09-27 14:38:04.932 +0800	INFO	org.springframework.web.servlet.handler.AbstractHandlerMethodMapping$MappingRegistry	547	restartedMain	Mapped "{[/error]}" onto public org.springframework.http.ResponseEntity<java.util.Map<java.lang.String, java.lang.Object>> org.springframework.boot.autoconfigure.web.servlet.error.BasicErrorController.error(javax.servlet.http.HttpServletRequest)
2019-09-27 14:38:04.932 +0800	INFO	org.springframework.web.servlet.handler.AbstractHandlerMethodMapping$MappingRegistry	547	restartedMain	Mapped "{[/error],produces=[text/html]}" onto public org.springframework.web.servlet.ModelAndView org.springframework.boot.autoconfigure.web.servlet.error.BasicErrorController.errorHtml(javax.servlet.http.HttpServletRequest,javax.servlet.http.HttpServletResponse)
2019-09-27 14:38:05.104 +0800	INFO	org.springframework.web.servlet.handler.AbstractUrlHandlerMapping	373	restartedMain	Mapped URL path [/**/favicon.ico] onto handler of type [class org.springframework.web.servlet.resource.ResourceHttpRequestHandler]
2019-09-27 14:38:05.276 +0800	INFO	org.springframework.web.servlet.mvc.method.annotation.RequestMappingHandlerAdapter	574	restartedMain	Looking for @ControllerAdvice: org.springframework.boot.web.servlet.context.AnnotationConfigServletWebServerApplicationContext@41560557: startup date [Fri Sep 27 14:38:02 CST 2019]; root of context hierarchy
2019-09-27 14:38:05.331 +0800	INFO	org.springframework.web.servlet.handler.AbstractUrlHandlerMapping	373	restartedMain	Mapped URL path [/webjars/**] onto handler of type [class org.springframework.web.servlet.resource.ResourceHttpRequestHandler]
2019-09-27 14:38:05.331 +0800	INFO	org.springframework.web.servlet.handler.AbstractUrlHandlerMapping	373	restartedMain	Mapped URL path [/**] onto handler of type [class org.springframework.web.servlet.resource.ResourceHttpRequestHandler]
2019-09-27 14:38:05.345 +0800	INFO	org.springframework.web.servlet.mvc.method.annotation.ExceptionHandlerExceptionResolver	288	restartedMain	Detected @ExceptionHandler methods in webExceptionHandler
2019-09-27 14:38:05.387 +0800	INFO	org.springframework.boot.autoconfigure.web.servlet.WelcomePageHandlerMapping	56	restartedMain	Adding welcome page: class path resource [public/index.html]
2019-09-27 14:38:05.553 +0800	INFO	org.springframework.web.servlet.view.freemarker.FreeMarkerConfigurer	131	restartedMain	ClassTemplateLoader for Spring macros added to FreeMarker configuration
2019-09-27 14:38:05.764 +0800	INFO	org.springframework.boot.devtools.autoconfigure.OptionalLiveReloadServer	57	restartedMain	LiveReload server is running on port 35729
2019-09-27 14:38:05.792 +0800	INFO	org.springframework.jmx.export.MBeanExporter	433	restartedMain	Registering beans for JMX exposure on startup
2019-09-27 14:38:05.793 +0800	INFO	org.springframework.jmx.export.MBeanExporter	895	restartedMain	Bean with name 'dataSource' has been autodetected for JMX exposure
2019-09-27 14:38:05.799 +0800	INFO	org.springframework.jmx.export.MBeanExporter	668	restartedMain	Located MBean 'dataSource': registering with JMX server as MBean [com.zaxxer.hikari:name=dataSource,type=HikariDataSource]
2019-09-27 14:38:05.803 +0800	INFO	org.springframework.context.support.DefaultLifecycleProcessor$LifecycleGroup	351	restartedMain	Starting beans in phase 2147483647
2019-09-27 14:38:05.803 +0800	INFO	springfox.documentation.spring.web.plugins.DocumentationPluginsBootstrapper	120	restartedMain	Context refreshed
2019-09-27 14:38:05.816 +0800	INFO	springfox.documentation.spring.web.plugins.DocumentationPluginsBootstrapper	123	restartedMain	Found 1 custom documentation plugin(s)
2019-09-27 14:38:05.828 +0800	INFO	springfox.documentation.spring.web.scanners.ApiListingReferenceScanner	41	restartedMain	Scanning for api listing references
2019-09-27 14:38:05.936 +0800	INFO	springfox.documentation.spring.web.readers.operation.CachingOperationNameGenerator	40	restartedMain	Generating unique operation named: getArticleUsingGET_1
2019-09-27 14:38:05.978 +0800	INFO	org.apache.juli.logging.DirectJDKLog	180	restartedMain	Starting ProtocolHandler ["http-nio-8888"]
2019-09-27 14:38:05.986 +0800	INFO	org.apache.juli.logging.DirectJDKLog	180	restartedMain	Using a shared selector for servlet write/read
2019-09-27 14:38:05.999 +0800	INFO	org.springframework.boot.web.embedded.tomcat.TomcatWebServer	206	restartedMain	Tomcat started on port(s): 8888 (http) with context path ''
2019-09-27 14:38:06.004 +0800	INFO	org.springframework.boot.StartupInfoLogger	59	restartedMain	Started ZimugeyjbApplication in 4.243 seconds (JVM running for 5.552)
2019-09-27 14:38:09.737 +0800	INFO	org.apache.juli.logging.DirectJDKLog	180	http-nio-8888-exec-1	Initializing Spring FrameworkServlet 'dispatcherServlet'
2019-09-27 14:38:09.737 +0800	INFO	org.springframework.web.servlet.FrameworkServlet	494	http-nio-8888-exec-1	FrameworkServlet 'dispatcherServlet': initialization started
2019-09-27 14:38:09.757 +0800	INFO	org.springframework.web.servlet.FrameworkServlet	509	http-nio-8888-exec-1	FrameworkServlet 'dispatcherServlet': initialization completed in 20 ms
2019-09-27 14:38:09.777 +0800	INFO	com.unicom.zimugeyjb.controller.LogDemoController	27	http-nio-8888-exec-1	==============info
2019-09-27 14:38:09.777 +0800	WARN	com.unicom.zimugeyjb.controller.LogDemoController	28	http-nio-8888-exec-1	==============warn
2019-09-27 14:38:09.777 +0800	ERROR	com.unicom.zimugeyjb.controller.LogDemoController	29	http-nio-8888-exec-1	==============error
2019-09-27 14:38:14.482 +0800	INFO	com.unicom.zimugeyjb.controller.LogDemoController	27	http-nio-8888-exec-4	==============info
2019-09-27 14:38:14.483 +0800	WARN	com.unicom.zimugeyjb.controller.LogDemoController	28	http-nio-8888-exec-4	==============warn
2019-09-27 14:38:14.483 +0800	ERROR	com.unicom.zimugeyjb.controller.LogDemoController	29	http-nio-8888-exec-4	==============error
2019-09-27 14:38:16.101 +0800	INFO	com.unicom.zimugeyjb.controller.LogDemoController	27	http-nio-8888-exec-5	==============info
2019-09-27 14:38:16.101 +0800	WARN	com.unicom.zimugeyjb.controller.LogDemoController	28	http-nio-8888-exec-5	==============warn
2019-09-27 14:38:16.101 +0800	ERROR	com.unicom.zimugeyjb.controller.LogDemoController	29	http-nio-8888-exec-5	==============error
2019-09-27 19:23:15.662 +0800	INFO	org.springframework.context.support.AbstractApplicationContext	993	Thread-17	Closing org.springframework.boot.web.servlet.context.AnnotationConfigServletWebServerApplicationContext@41560557: startup date [Fri Sep 27 14:38:02 CST 2019]; root of context hierarchy
2019-09-27 19:23:15.665 +0800	INFO	org.springframework.context.support.DefaultLifecycleProcessor$LifecycleGroup	366	Thread-17	Stopping beans in phase 2147483647
2019-09-27 19:23:15.667 +0800	INFO	org.springframework.jmx.export.MBeanExporter	451	Thread-17	Unregistering JMX-exposed beans on shutdown
2019-09-27 19:23:15.668 +0800	INFO	org.springframework.jmx.support.MBeanRegistrationSupport	185	Thread-17	Unregistering JMX-exposed beans
